# JRE version: OpenJDK Runtime Environment Corretto-24.0.2.12.1 (24.0.2+12) (build 24.0.2+12-FR)
# Java VM: OpenJDK 64-Bit Server VM Corretto-24.0.2.12.1 (24.0.2+12-FR, mixed mode, sharing, tiered, compressed oops, compressed class ptrs, g1 gc, windows-amd64)
GC Precious Log:
 CardTable entry size: 512
 Card Set container configuration: InlinePtr #cards 5 size 8 Array Of Cards #cards 10 size 36 Howl #buckets 4 coarsen threshold 1843 Howl Bitmap #cards 512 size 80 coarsen threshold 460 Card regions per heap region 1 cards per card region 2048
 CPUs: 12 total, 12 available
 Memory: 7822M
 Large Page Support: Disabled
 NUMA Support: Disabled
 Compressed Oops: Enabled (32-bit)
 Heap Region Size: 1M
 Heap Min Capacity: 256M
 Heap Initial Capacity: 256M
 Heap Max Capacity: 512M
 Pre-touch: Disabled
 Parallel Workers: 10
 Concurrent Workers: 3
 Concurrent Refinement Workers: 10
 Periodic GC: Disabled
Heap:
 garbage-first heap   total reserved 524288K, committed 271360K, used 228590K [0x00000000e0000000, 0x0000000100000000)
  region size 1024K, 92 young (94208K), 9 survivors (9216K)
 Metaspace       used 95334K, committed 97920K, reserved 458752K
  class space    used 11487K, committed 12736K, reserved 327680K
GC Heap History (20 events):
Event: 69.734 GC heap before
{Heap before GC invocations=19 (full 0):
 garbage-first heap   total reserved 524288K, committed 262144K, used 234701K [0x00000000e0000000, 0x0000000100000000)
  region size 1024K, 146 young (149504K), 12 survivors (12288K)
 Metaspace       used 82264K, committed 84608K, reserved 458752K
  class space    used 9809K, committed 10944K, reserved 327680K
}
Event: 69.759 GC heap after
{Heap after GC invocations=20 (full 0):
 garbage-first heap   total reserved 524288K, committed 262144K, used 107023K [0x00000000e0000000, 0x0000000100000000)
  region size 1024K, 18 young (18432K), 18 survivors (18432K)
 Metaspace       used 82264K, committed 84608K, reserved 458752K
  class space    used 9809K, committed 10944K, reserved 327680K
}
Event: 72.727 GC heap before
{Heap before GC invocations=21 (full 0):
 garbage-first heap   total reserved 524288K, committed 262144K, used 227855K [0x00000000e0000000, 0x0000000100000000)
  region size 1024K, 137 young (140288K), 18 survivors (18432K)
 Metaspace       used 82570K, committed 84864K, reserved 458752K
  class space    used 9818K, committed 10944K, reserved 327680K
}
Event: 72.742 GC heap after
{Heap after GC invocations=22 (full 0):
 garbage-first heap   total reserved 524288K, committed 262144K, used 108086K [0x00000000e0000000, 0x0000000100000000)
  region size 1024K, 8 young (8192K), 8 survivors (8192K)
 Metaspace       used 82570K, committed 84864K, reserved 458752K
  class space    used 9818K, committed 10944K, reserved 327680K
}
Event: 73.605 GC heap before
{Heap before GC invocations=22 (full 0):
 garbage-first heap   total reserved 524288K, committed 262144K, used 238134K [0x00000000e0000000, 0x0000000100000000)
  region size 1024K, 136 young (139264K), 8 survivors (8192K)
 Metaspace       used 82790K, committed 85056K, reserved 458752K
  class space    used 9820K, committed 10944K, reserved 327680K
}
Event: 73.618 GC heap after
{Heap after GC invocations=23 (full 0):
 garbage-first heap   total reserved 524288K, committed 262144K, used 111039K [0x00000000e0000000, 0x0000000100000000)
  region size 1024K, 12 young (12288K), 12 survivors (12288K)
 Metaspace       used 82790K, committed 85056K, reserved 458752K
  class space    used 9820K, committed 10944K, reserved 327680K
}
Event: 73.816 GC heap before
{Heap before GC invocations=23 (full 0):
 garbage-first heap   total reserved 524288K, committed 262144K, used 232895K [0x00000000e0000000, 0x0000000100000000)
  region size 1024K, 132 young (135168K), 12 survivors (12288K)
 Metaspace       used 82802K, committed 85120K, reserved 458752K
  class space    used 9820K, committed 10944K, reserved 327680K
}
Event: 73.824 GC heap after
{Heap after GC invocations=24 (full 0):
 garbage-first heap   total reserved 524288K, committed 262144K, used 111586K [0x00000000e0000000, 0x0000000100000000)
  region size 1024K, 8 young (8192K), 8 survivors (8192K)
 Metaspace       used 82802K, committed 85120K, reserved 458752K
  class space    used 9820K, committed 10944K, reserved 327680K
}
Event: 74.348 GC heap before
{Heap before GC invocations=25 (full 0):
 garbage-first heap   total reserved 524288K, committed 262144K, used 237538K [0x00000000e0000000, 0x0000000100000000)
  region size 1024K, 132 young (135168K), 8 survivors (8192K)
 Metaspace       used 82892K, committed 85184K, reserved 458752K
  class space    used 9816K, committed 10944K, reserved 327680K
}
Event: 74.354 GC heap after
{Heap after GC invocations=26 (full 0):
 garbage-first heap   total reserved 524288K, committed 262144K, used 110816K [0x00000000e0000000, 0x0000000100000000)
  region size 1024K, 7 young (7168K), 7 survivors (7168K)
 Metaspace       used 82892K, committed 85184K, reserved 458752K
  class space    used 9816K, committed 10944K, reserved 327680K
}
Event: 74.843 GC heap before
{Heap before GC invocations=26 (full 0):
 garbage-first heap   total reserved 524288K, committed 262144K, used 238816K [0x00000000e0000000, 0x0000000100000000)
  region size 1024K, 133 young (136192K), 7 survivors (7168K)
 Metaspace       used 82953K, committed 85248K, reserved 458752K
  class space    used 9816K, committed 10944K, reserved 327680K
}
Event: 74.850 GC heap after
{Heap after GC invocations=27 (full 0):
 garbage-first heap   total reserved 524288K, committed 262144K, used 108895K [0x00000000e0000000, 0x0000000100000000)
  region size 1024K, 6 young (6144K), 6 survivors (6144K)
 Metaspace       used 82953K, committed 85248K, reserved 458752K
  class space    used 9816K, committed 10944K, reserved 327680K
}
Event: 75.862 GC heap before
{Heap before GC invocations=27 (full 0):
 garbage-first heap   total reserved 524288K, committed 262144K, used 239967K [0x00000000e0000000, 0x0000000100000000)
  region size 1024K, 135 young (138240K), 6 survivors (6144K)
 Metaspace       used 85683K, committed 88064K, reserved 458752K
  class space    used 10206K, committed 11392K, reserved 327680K
}
Event: 75.871 GC heap after
{Heap after GC invocations=28 (full 0):
 garbage-first heap   total reserved 524288K, committed 262144K, used 111060K [0x00000000e0000000, 0x0000000100000000)
  region size 1024K, 9 young (9216K), 9 survivors (9216K)
 Metaspace       used 85683K, committed 88064K, reserved 458752K
  class space    used 10206K, committed 11392K, reserved 327680K
}
Event: 77.821 GC heap before
{Heap before GC invocations=29 (full 0):
 garbage-first heap   total reserved 524288K, committed 262144K, used 251348K [0x00000000e0000000, 0x0000000100000000)
  region size 1024K, 132 young (135168K), 9 survivors (9216K)
 Metaspace       used 90692K, committed 93248K, reserved 458752K
  class space    used 10923K, committed 12160K, reserved 327680K
}
Event: 77.840 GC heap after
{Heap after GC invocations=30 (full 0):
 garbage-first heap   total reserved 524288K, committed 271360K, used 134934K [0x00000000e0000000, 0x0000000100000000)
  region size 1024K, 17 young (17408K), 17 survivors (17408K)
 Metaspace       used 90692K, committed 93248K, reserved 458752K
  class space    used 10923K, committed 12160K, reserved 327680K
}
Event: 82.822 GC heap before
{Heap before GC invocations=30 (full 0):
 garbage-first heap   total reserved 524288K, committed 271360K, used 237334K [0x00000000e0000000, 0x0000000100000000)
  region size 1024K, 118 young (120832K), 17 survivors (17408K)
 Metaspace       used 94560K, committed 97152K, reserved 458752K
  class space    used 11432K, committed 12672K, reserved 327680K
}
Event: 82.873 GC heap after
{Heap after GC invocations=31 (full 0):
 garbage-first heap   total reserved 524288K, committed 271360K, used 142217K [0x00000000e0000000, 0x0000000100000000)
  region size 1024K, 10 young (10240K), 10 survivors (10240K)
 Metaspace       used 94560K, committed 97152K, reserved 458752K
  class space    used 11432K, committed 12672K, reserved 327680K
}
Event: 92.155 GC heap before
{Heap before GC invocations=31 (full 0):
 garbage-first heap   total reserved 524288K, committed 271360K, used 246665K [0x00000000e0000000, 0x0000000100000000)
  region size 1024K, 112 young (114688K), 10 survivors (10240K)
 Metaspace       used 95128K, committed 97728K, reserved 458752K
  class space    used 11493K, committed 12736K, reserved 327680K
}
Event: 92.187 GC heap after
{Heap after GC invocations=32 (full 0):
 garbage-first heap   total reserved 524288K, committed 271360K, used 145646K [0x00000000e0000000, 0x0000000100000000)
  region size 1024K, 9 young (9216K), 9 survivors (9216K)
 Metaspace       used 95128K, committed 97728K, reserved 458752K
  class space    used 11493K, committed 12736K, reserved 327680K
}

